This is pdfTeX, Version 3.14159265-2.6-1.40.18 (MiKTeX 2.9.6500 64-bit) (preloaded format=pdflatex 2018.2.17)  5 MAR 2018 21:44
entering extended mode
**./interimReport-G91.tex
(interimReport-G91.tex
LaTeX2e <2017-04-15>
Babel <3.15> and hyphenation patterns for 75 language(s) loaded.
("C:\Program Files\MiKTeX 2.9\tex\latex\base\article.cls"
Document Class: article 2014/09/29 v1.4h Standard LaTeX document class
("C:\Program Files\MiKTeX 2.9\tex\latex\base\size10.clo"
File: size10.clo 2014/09/29 v1.4h Standard LaTeX file (size option)
)
\c@part=\count79
\c@section=\count80
\c@subsection=\count81
\c@subsubsection=\count82
\c@paragraph=\count83
\c@subparagraph=\count84
\c@figure=\count85
\c@table=\count86
\abovecaptionskip=\skip41
\belowcaptionskip=\skip42
\bibindent=\dimen102
)
("C:\Program Files\MiKTeX 2.9\tex\latex\base\fontenc.sty"
Package: fontenc 2017/04/05 v2.0i Standard LaTeX package

("C:\Program Files\MiKTeX 2.9\tex\latex\base\t1enc.def"
File: t1enc.def 2017/04/05 v2.0i Standard LaTeX file
LaTeX Font Info:    Redeclaring font encoding T1 on input line 48.
))
("C:\Program Files\MiKTeX 2.9\tex\latex\amsfonts\amssymb.sty"
Package: amssymb 2013/01/14 v3.01 AMS font symbols

("C:\Program Files\MiKTeX 2.9\tex\latex\amsfonts\amsfonts.sty"
Package: amsfonts 2013/01/14 v3.01 Basic AMSFonts support
\@emptytoks=\toks14
\symAMSa=\mathgroup4
\symAMSb=\mathgroup5
LaTeX Font Info:    Overwriting math alphabet `\mathfrak' in version `bold'
(Font)                  U/euf/m/n --> U/euf/b/n on input line 106.
))
("C:\Program Files\MiKTeX 2.9\tex\latex\amsmath\amsmath.sty"
Package: amsmath 2017/09/02 v2.17a AMS math features
\@mathmargin=\skip43

For additional information on amsmath, use the `?' option.
("C:\Program Files\MiKTeX 2.9\tex\latex\amsmath\amstext.sty"
Package: amstext 2000/06/29 v2.01 AMS text

("C:\Program Files\MiKTeX 2.9\tex\latex\amsmath\amsgen.sty"
File: amsgen.sty 1999/11/30 v2.0 generic functions
\@emptytoks=\toks15
\ex@=\dimen103
))
("C:\Program Files\MiKTeX 2.9\tex\latex\amsmath\amsbsy.sty"
Package: amsbsy 1999/11/29 v1.2d Bold Symbols
\pmbraise@=\dimen104
)
("C:\Program Files\MiKTeX 2.9\tex\latex\amsmath\amsopn.sty"
Package: amsopn 2016/03/08 v2.02 operator names
)
\inf@bad=\count87
LaTeX Info: Redefining \frac on input line 213.
\uproot@=\count88
\leftroot@=\count89
LaTeX Info: Redefining \overline on input line 375.
\classnum@=\count90
\DOTSCASE@=\count91
LaTeX Info: Redefining \ldots on input line 472.
LaTeX Info: Redefining \dots on input line 475.
LaTeX Info: Redefining \cdots on input line 596.
\Mathstrutbox@=\box26
\strutbox@=\box27
\big@size=\dimen105
LaTeX Font Info:    Redeclaring font encoding OML on input line 712.
LaTeX Font Info:    Redeclaring font encoding OMS on input line 713.
\macc@depth=\count92
\c@MaxMatrixCols=\count93
\dotsspace@=\muskip10
\c@parentequation=\count94
\dspbrk@lvl=\count95
\tag@help=\toks16
\row@=\count96
\column@=\count97
\maxfields@=\count98
\andhelp@=\toks17
\eqnshift@=\dimen106
\alignsep@=\dimen107
\tagshift@=\dimen108
\tagwidth@=\dimen109
\totwidth@=\dimen110
\lineht@=\dimen111
\@envbody=\toks18
\multlinegap=\skip44
\multlinetaggap=\skip45
\mathdisplay@stack=\toks19
LaTeX Info: Redefining \[ on input line 2817.
LaTeX Info: Redefining \] on input line 2818.
)
("C:\Program Files\MiKTeX 2.9\tex\latex\txfonts\txfonts.sty"
Package: txfonts 2008/01/22 v3.2.1
LaTeX Font Info:    Redeclaring symbol font `operators' on input line 21.
LaTeX Font Info:    Overwriting symbol font `operators' in version `normal'
(Font)                  OT1/cmr/m/n --> OT1/txr/m/n on input line 21.
LaTeX Font Info:    Overwriting symbol font `operators' in version `bold'
(Font)                  OT1/cmr/bx/n --> OT1/txr/m/n on input line 21.
LaTeX Font Info:    Overwriting symbol font `operators' in version `bold'
(Font)                  OT1/txr/m/n --> OT1/txr/bx/n on input line 22.
\symitalic=\mathgroup6
LaTeX Font Info:    Overwriting symbol font `italic' in version `bold'
(Font)                  OT1/txr/m/it --> OT1/txr/bx/it on input line 26.
LaTeX Font Info:    Redeclaring math alphabet \mathbf on input line 29.
LaTeX Font Info:    Overwriting math alphabet `\mathbf' in version `normal'
(Font)                  OT1/cmr/bx/n --> OT1/txr/bx/n on input line 29.
LaTeX Font Info:    Overwriting math alphabet `\mathbf' in version `bold'
(Font)                  OT1/cmr/bx/n --> OT1/txr/bx/n on input line 29.
LaTeX Font Info:    Redeclaring math alphabet \mathit on input line 30.
LaTeX Font Info:    Overwriting math alphabet `\mathit' in version `normal'
(Font)                  OT1/cmr/m/it --> OT1/txr/m/it on input line 30.
LaTeX Font Info:    Overwriting math alphabet `\mathit' in version `bold'
(Font)                  OT1/cmr/bx/it --> OT1/txr/m/it on input line 30.
LaTeX Font Info:    Overwriting math alphabet `\mathit' in version `bold'
(Font)                  OT1/txr/m/it --> OT1/txr/bx/it on input line 31.
LaTeX Font Info:    Redeclaring math alphabet \mathsf on input line 40.
LaTeX Font Info:    Overwriting math alphabet `\mathsf' in version `normal'
(Font)                  OT1/cmss/m/n --> OT1/txss/m/n on input line 40.
LaTeX Font Info:    Overwriting math alphabet `\mathsf' in version `bold'
(Font)                  OT1/cmss/bx/n --> OT1/txss/m/n on input line 40.
LaTeX Font Info:    Overwriting math alphabet `\mathsf' in version `bold'
(Font)                  OT1/txss/m/n --> OT1/txss/b/n on input line 41.
LaTeX Font Info:    Redeclaring math alphabet \mathtt on input line 50.
LaTeX Font Info:    Overwriting math alphabet `\mathtt' in version `normal'
(Font)                  OT1/cmtt/m/n --> OT1/txtt/m/n on input line 50.
LaTeX Font Info:    Overwriting math alphabet `\mathtt' in version `bold'
(Font)                  OT1/cmtt/m/n --> OT1/txtt/m/n on input line 50.
LaTeX Font Info:    Overwriting math alphabet `\mathtt' in version `bold'
(Font)                  OT1/txtt/m/n --> OT1/txtt/b/n on input line 51.
LaTeX Font Info:    Redeclaring symbol font `letters' on input line 58.
LaTeX Font Info:    Overwriting symbol font `letters' in version `normal'
(Font)                  OML/cmm/m/it --> OML/txmi/m/it on input line 58.
LaTeX Font Info:    Overwriting symbol font `letters' in version `bold'
(Font)                  OML/cmm/b/it --> OML/txmi/m/it on input line 58.
LaTeX Font Info:    Overwriting symbol font `letters' in version `bold'
(Font)                  OML/txmi/m/it --> OML/txmi/bx/it on input line 59.
\symlettersA=\mathgroup7
LaTeX Font Info:    Overwriting symbol font `lettersA' in version `bold'
(Font)                  U/txmia/m/it --> U/txmia/bx/it on input line 67.
LaTeX Font Info:    Redeclaring math alphabet \mathfrak on input line 70.
LaTeX Font Info:    Redeclaring symbol font `symbols' on input line 77.
LaTeX Font Info:    Overwriting symbol font `symbols' in version `normal'
(Font)                  OMS/cmsy/m/n --> OMS/txsy/m/n on input line 77.
LaTeX Font Info:    Overwriting symbol font `symbols' in version `bold'
(Font)                  OMS/cmsy/b/n --> OMS/txsy/m/n on input line 77.
LaTeX Font Info:    Overwriting symbol font `symbols' in version `bold'
(Font)                  OMS/txsy/m/n --> OMS/txsy/bx/n on input line 78.
LaTeX Font Info:    Redeclaring symbol font `AMSa' on input line 93.
LaTeX Font Info:    Overwriting symbol font `AMSa' in version `normal'
(Font)                  U/msa/m/n --> U/txsya/m/n on input line 93.
LaTeX Font Info:    Overwriting symbol font `AMSa' in version `bold'
(Font)                  U/msa/m/n --> U/txsya/m/n on input line 93.
LaTeX Font Info:    Overwriting symbol font `AMSa' in version `bold'
(Font)                  U/txsya/m/n --> U/txsya/bx/n on input line 94.
LaTeX Font Info:    Redeclaring symbol font `AMSb' on input line 102.
LaTeX Font Info:    Overwriting symbol font `AMSb' in version `normal'
(Font)                  U/msb/m/n --> U/txsyb/m/n on input line 102.
LaTeX Font Info:    Overwriting symbol font `AMSb' in version `bold'
(Font)                  U/msb/m/n --> U/txsyb/m/n on input line 102.
LaTeX Font Info:    Overwriting symbol font `AMSb' in version `bold'
(Font)                  U/txsyb/m/n --> U/txsyb/bx/n on input line 103.
\symsymbolsC=\mathgroup8
LaTeX Font Info:    Overwriting symbol font `symbolsC' in version `bold'
(Font)                  U/txsyc/m/n --> U/txsyc/bx/n on input line 113.
LaTeX Font Info:    Redeclaring symbol font `largesymbols' on input line 120.
LaTeX Font Info:    Overwriting symbol font `largesymbols' in version `normal'
(Font)                  OMX/cmex/m/n --> OMX/txex/m/n on input line 120.
LaTeX Font Info:    Overwriting symbol font `largesymbols' in version `bold'
(Font)                  OMX/cmex/m/n --> OMX/txex/m/n on input line 120.
LaTeX Font Info:    Overwriting symbol font `largesymbols' in version `bold'
(Font)                  OMX/txex/m/n --> OMX/txex/bx/n on input line 121.
\symlargesymbolsA=\mathgroup9
LaTeX Font Info:    Overwriting symbol font `largesymbolsA' in version `bold'
(Font)                  U/txexa/m/n --> U/txexa/bx/n on input line 129.
LaTeX Info: Redefining \not on input line 1043.
)
("C:\Program Files\MiKTeX 2.9\tex\latex\microtype\microtype.sty"
Package: microtype 2018/01/14 v2.7a Micro-typographical refinements (RS)

("C:\Program Files\MiKTeX 2.9\tex\latex\graphics\keyval.sty"
Package: keyval 2014/10/28 v1.15 key=value parser (DPC)
\KV@toks@=\toks20
)
\MT@toks=\toks21
\MT@count=\count99
LaTeX Info: Redefining \textls on input line 793.
\MT@outer@kern=\dimen112
LaTeX Info: Redefining \textmicrotypecontext on input line 1339.
\MT@listname@count=\count100

("C:\Program Files\MiKTeX 2.9\tex\latex\microtype\microtype-pdftex.def"
File: microtype-pdftex.def 2018/01/14 v2.7a Definitions specific to pdftex (RS)

LaTeX Info: Redefining \lsstyle on input line 913.
LaTeX Info: Redefining \lslig on input line 913.
\MT@outer@space=\skip46
)
Package microtype Info: Loading configuration file microtype.cfg.

("C:\Program Files\MiKTeX 2.9\tex\latex\microtype\microtype.cfg"
File: microtype.cfg 2018/01/14 v2.7a microtype main configuration file (RS)
))
("C:\Program Files\MiKTeX 2.9\tex\latex\graphics\graphicx.sty"
Package: graphicx 2017/06/01 v1.1a Enhanced LaTeX Graphics (DPC,SPQR)

("C:\Program Files\MiKTeX 2.9\tex\latex\graphics\graphics.sty"
Package: graphics 2017/06/25 v1.2c Standard LaTeX Graphics (DPC,SPQR)

("C:\Program Files\MiKTeX 2.9\tex\latex\graphics\trig.sty"
Package: trig 2016/01/03 v1.10 sin cos tan (DPC)
)
("C:\Program Files\MiKTeX 2.9\tex\latex\graphics-cfg\graphics.cfg"
File: graphics.cfg 2016/06/04 v1.11 sample graphics configuration
)
Package graphics Info: Driver file: pdftex.def on input line 99.

("C:\Program Files\MiKTeX 2.9\tex\latex\graphics-def\pdftex.def"
File: pdftex.def 2017/06/24 v1.0g Graphics/color driver for pdftex
))
\Gin@req@height=\dimen113
\Gin@req@width=\dimen114
)
("C:\Program Files\MiKTeX 2.9\tex\latex\subfigure\subfigure.sty"
Package: subfigure 2002/07/30 v2.1.4 subfigure package
\subfigtopskip=\skip47
\subfigcapskip=\skip48
\subfigcaptopadj=\dimen115
\subfigbottomskip=\skip49
\subfigcapmargin=\dimen116
\subfiglabelskip=\skip50
\c@subfigure=\count101
\c@lofdepth=\count102
\c@subtable=\count103
\c@lotdepth=\count104

****************************************
* Local config file subfigure.cfg used *
****************************************
("C:\Program Files\MiKTeX 2.9\tex\latex\subfigure\subfigure.cfg")
\subfig@top=\skip51
\subfig@bottom=\skip52
) (natbib.sty
Package: natbib 2009/07/16 8.31 (PWD, AO)
\bibhang=\skip53
\bibsep=\skip54
LaTeX Info: Redefining \cite on input line 694.
\c@NAT@ctr=\count105
) (algorithm.sty
Package: algorithm 

Document Style `algorithm' - floating environment
("C:\Program Files\MiKTeX 2.9\tex\latex\float\float.sty"
Package: float 2001/11/08 v1.3d Float enhancements (AL)
\c@float@type=\count106
\float@exts=\toks22
\float@box=\box28
\@float@everytoks=\toks23
\@floatcapt=\box29
)
("C:\Program Files\MiKTeX 2.9\tex\latex\base\ifthen.sty"
Package: ifthen 2014/09/29 v1.1c Standard LaTeX ifthen package (DPC)
)
\@float@every@algorithm=\toks24
\c@algorithm=\count107
) (algorithmic.sty
Package: algorithmic 

Document Style `algorithmic' - environment
("C:\Program Files\MiKTeX 2.9\tex\latex\tools\calc.sty"
Package: calc 2014/10/28 v4.3 Infix arithmetic (KKT,FJ)
\calc@Acount=\count108
\calc@Bcount=\count109
\calc@Adimen=\dimen117
\calc@Bdimen=\dimen118
\calc@Askip=\skip55
\calc@Bskip=\skip56
LaTeX Info: Redefining \setlength on input line 80.
LaTeX Info: Redefining \addtolength on input line 81.
\calc@Ccount=\count110
\calc@Cskip=\skip57
)
\c@ALC@line=\count111
\c@ALC@rem=\count112
\ALC@tlm=\skip58
)
("C:\Program Files\MiKTeX 2.9\tex\latex\hyperref\hyperref.sty"
Package: hyperref 2017/03/14 v6.85a Hypertext links for LaTeX

("C:\Program Files\MiKTeX 2.9\tex\generic\oberdiek\hobsub-hyperref.sty"
Package: hobsub-hyperref 2016/05/16 v1.14 Bundle oberdiek, subset hyperref (HO)


("C:\Program Files\MiKTeX 2.9\tex\generic\oberdiek\hobsub-generic.sty"
Package: hobsub-generic 2016/05/16 v1.14 Bundle oberdiek, subset generic (HO)
Package: hobsub 2016/05/16 v1.14 Construct package bundles (HO)
Package: infwarerr 2016/05/16 v1.4 Providing info/warning/error messages (HO)
Package: ltxcmds 2016/05/16 v1.23 LaTeX kernel commands for general use (HO)
Package: ifluatex 2016/05/16 v1.4 Provides the ifluatex switch (HO)
Package ifluatex Info: LuaTeX not detected.
Package: ifvtex 2016/05/16 v1.6 Detect VTeX and its facilities (HO)
Package ifvtex Info: VTeX not detected.
Package: intcalc 2016/05/16 v1.2 Expandable calculations with integers (HO)
Package: ifpdf 2017/03/15 v3.2 Provides the ifpdf switch
Package: etexcmds 2016/05/16 v1.6 Avoid name clashes with e-TeX commands (HO)
Package etexcmds Info: Could not find \expanded.
(etexcmds)             That can mean that you are not using pdfTeX 1.50 or
(etexcmds)             that some package has redefined \expanded.
(etexcmds)             In the latter case, load this package earlier.
Package: kvsetkeys 2016/05/16 v1.17 Key value parser (HO)
Package: kvdefinekeys 2016/05/16 v1.4 Define keys (HO)
Package: pdftexcmds 2017/03/19 v0.25 Utility functions of pdfTeX for LuaTeX (HO
)
Package pdftexcmds Info: LuaTeX not detected.
Package pdftexcmds Info: \pdf@primitive is available.
Package pdftexcmds Info: \pdf@ifprimitive is available.
Package pdftexcmds Info: \pdfdraftmode found.
Package: pdfescape 2016/05/16 v1.14 Implements pdfTeX's escape features (HO)
Package: bigintcalc 2016/05/16 v1.4 Expandable calculations on big integers (HO
)
Package: bitset 2016/05/16 v1.2 Handle bit-vector datatype (HO)
Package: uniquecounter 2016/05/16 v1.3 Provide unlimited unique counter (HO)
)
Package hobsub Info: Skipping package `hobsub' (already loaded).
Package: letltxmacro 2016/05/16 v1.5 Let assignment for LaTeX macros (HO)
Package: hopatch 2016/05/16 v1.3 Wrapper for package hooks (HO)
Package: xcolor-patch 2016/05/16 xcolor patch
Package: atveryend 2016/05/16 v1.9 Hooks at the very end of document (HO)
Package atveryend Info: \enddocument detected (standard20110627).
Package: atbegshi 2016/06/09 v1.18 At begin shipout hook (HO)
Package: refcount 2016/05/16 v3.5 Data extraction from label references (HO)
Package: hycolor 2016/05/16 v1.8 Color options for hyperref/bookmark (HO)
)
("C:\Program Files\MiKTeX 2.9\tex\generic\ifxetex\ifxetex.sty"
Package: ifxetex 2010/09/12 v0.6 Provides ifxetex conditional
)
("C:\Program Files\MiKTeX 2.9\tex\latex\oberdiek\auxhook.sty"
Package: auxhook 2016/05/16 v1.4 Hooks for auxiliary files (HO)
)
("C:\Program Files\MiKTeX 2.9\tex\latex\oberdiek\kvoptions.sty"
Package: kvoptions 2016/05/16 v3.12 Key value format for package options (HO)
)
\@linkdim=\dimen119
\Hy@linkcounter=\count113
\Hy@pagecounter=\count114

("C:\Program Files\MiKTeX 2.9\tex\latex\hyperref\pd1enc.def"
File: pd1enc.def 2017/03/14 v6.85a Hyperref: PDFDocEncoding definition (HO)
)
\Hy@SavedSpaceFactor=\count115

("C:\Program Files\MiKTeX 2.9\tex\latex\00miktex\hyperref.cfg"
File: hyperref.cfg 2002/06/06 v1.2 hyperref configuration of TeXLive
)
Package hyperref Info: Hyper figures OFF on input line 4498.
Package hyperref Info: Link nesting OFF on input line 4503.
Package hyperref Info: Hyper index ON on input line 4506.
Package hyperref Info: Plain pages OFF on input line 4513.
Package hyperref Info: Backreferencing OFF on input line 4518.
Package hyperref Info: Implicit mode ON; LaTeX internals redefined.
Package hyperref Info: Bookmarks ON on input line 4751.
\c@Hy@tempcnt=\count116

("C:\Program Files\MiKTeX 2.9\tex\latex\url\url.sty"
\Urlmuskip=\muskip11
Package: url 2013/09/16  ver 3.4  Verb mode for urls, etc.
)
LaTeX Info: Redefining \url on input line 5104.
\XeTeXLinkMargin=\dimen120
\Fld@menulength=\count117
\Field@Width=\dimen121
\Fld@charsize=\dimen122
Package hyperref Info: Hyper figures OFF on input line 6358.
Package hyperref Info: Link nesting OFF on input line 6363.
Package hyperref Info: Hyper index ON on input line 6366.
Package hyperref Info: backreferencing OFF on input line 6373.
Package hyperref Info: Link coloring OFF on input line 6378.
Package hyperref Info: Link coloring with OCG OFF on input line 6383.
Package hyperref Info: PDF/A mode OFF on input line 6388.
LaTeX Info: Redefining \ref on input line 6428.
LaTeX Info: Redefining \pageref on input line 6432.
\Hy@abspage=\count118
\c@Item=\count119
\c@Hfootnote=\count120
)

Package hyperref Message: Driver (autodetected): hpdftex.

("C:\Program Files\MiKTeX 2.9\tex\latex\hyperref\hpdftex.def"
File: hpdftex.def 2017/03/14 v6.85a Hyperref driver for pdfTeX
\Fld@listcount=\count121
\c@bookmark@seq@number=\count122

("C:\Program Files\MiKTeX 2.9\tex\latex\oberdiek\rerunfilecheck.sty"
Package: rerunfilecheck 2016/05/16 v1.8 Rerun checks for auxiliary files (HO)
Package uniquecounter Info: New unique counter `rerunfilecheck' on input line 2
82.
)
\Hy@SectionHShift=\skip59
)
(mlp2017.sty
Package: mlp2017 2017/01/01 MLP Coursework Style File
 (fancyhdr.sty
\fancy@headwidth=\skip60
\f@ncyO@elh=\skip61
\f@ncyO@erh=\skip62
\f@ncyO@olh=\skip63
\f@ncyO@orh=\skip64
\f@ncyO@elf=\skip65
\f@ncyO@erf=\skip66
\f@ncyO@olf=\skip67
\f@ncyO@orf=\skip68
)
("C:\Program Files\MiKTeX 2.9\tex\latex\graphics\color.sty"
Package: color 2016/07/10 v1.1e Standard LaTeX Color (DPC)

("C:\Program Files\MiKTeX 2.9\tex\latex\graphics-cfg\color.cfg"
File: color.cfg 2016/01/02 v1.6 sample color configuration
)
Package color Info: Driver file: pdftex.def on input line 147.
)
("C:\Program Files\MiKTeX 2.9\tex\latex\eso-pic\eso-pic.sty"
Package: eso-pic 2015/07/21 v2.0g eso-pic (RN)
)
("C:\Program Files\MiKTeX 2.9\tex\latex\forloop\forloop.sty"
Package: forloop 2006/09/18 v3.0 For Loops for LaTeX
)
Package hyperref Info: Option `colorlinks' set `true' on input line 101.
\titrun=\box30
\c@@affiliationcounter=\count123
\c@@affilnum=\count124
\newcaptionbox=\box31
\newcaptionboxwid=\dimen123
\icmlrulerbox=\box32
\icmlrulercount=\count125
\icmlruleroffset=\dimen124
\cv@lineheight=\dimen125
\cv@boxheight=\dimen126
\cv@tmpbox=\box33
\cv@refno=\count126
\cv@tot=\count127
\cv@tmpc@=\count128
\cv@tmpc=\count129
)
(interimReport-G91.aux

LaTeX Warning: Label `fig:lr0.02' multiply defined.


LaTeX Warning: Label `sub@fig:lr0.02' multiply defined.


LaTeX Warning: Label `fig:lr0.04' multiply defined.


LaTeX Warning: Label `sub@fig:lr0.04' multiply defined.


LaTeX Warning: Label `fig:lr0.02' multiply defined.


LaTeX Warning: Label `sub@fig:lr0.02' multiply defined.


LaTeX Warning: Label `fig:lr0.04' multiply defined.


LaTeX Warning: Label `sub@fig:lr0.04' multiply defined.


LaTeX Warning: Label `fig:lr0.06' multiply defined.


LaTeX Warning: Label `sub@fig:lr0.06' multiply defined.


LaTeX Warning: Label `fig:lr0.08' multiply defined.


LaTeX Warning: Label `sub@fig:lr0.08' multiply defined.


LaTeX Warning: Label `fig:lr0.02' multiply defined.


LaTeX Warning: Label `sub@fig:lr0.02' multiply defined.


LaTeX Warning: Label `fig:lr0.04' multiply defined.


LaTeX Warning: Label `sub@fig:lr0.04' multiply defined.


LaTeX Warning: Label `fig:lr0.06' multiply defined.


LaTeX Warning: Label `sub@fig:lr0.06' multiply defined.


LaTeX Warning: Label `fig:lr0.08' multiply defined.


LaTeX Warning: Label `sub@fig:lr0.08' multiply defined.

)
\openout1 = `interimReport-G91.aux'.

LaTeX Font Info:    Checking defaults for OML/txmi/m/it on input line 58.
LaTeX Font Info:    Try loading font information for OML+txmi on input line 58.

 ("C:\Program Files\MiKTeX 2.9\tex\latex\txfonts\omltxmi.fd"
File: omltxmi.fd 2000/12/15 v3.1
)
LaTeX Font Info:    ... okay on input line 58.
LaTeX Font Info:    Checking defaults for T1/cmr/m/n on input line 58.
LaTeX Font Info:    ... okay on input line 58.
LaTeX Font Info:    Checking defaults for OT1/cmr/m/n on input line 58.
LaTeX Font Info:    ... okay on input line 58.
LaTeX Font Info:    Checking defaults for OMS/txsy/m/n on input line 58.
LaTeX Font Info:    Try loading font information for OMS+txsy on input line 58.


("C:\Program Files\MiKTeX 2.9\tex\latex\txfonts\omstxsy.fd"
File: omstxsy.fd 2000/12/15 v3.1
)
LaTeX Font Info:    ... okay on input line 58.
LaTeX Font Info:    Checking defaults for OMX/txex/m/n on input line 58.
LaTeX Font Info:    Try loading font information for OMX+txex on input line 58.


("C:\Program Files\MiKTeX 2.9\tex\latex\txfonts\omxtxex.fd"
File: omxtxex.fd 2000/12/15 v3.1
)
LaTeX Font Info:    ... okay on input line 58.
LaTeX Font Info:    Checking defaults for U/txexa/m/n on input line 58.
LaTeX Font Info:    Try loading font information for U+txexa on input line 58.

("C:\Program Files\MiKTeX 2.9\tex\latex\txfonts\utxexa.fd"
File: utxexa.fd 2000/12/15 v3.1
)
LaTeX Font Info:    ... okay on input line 58.
LaTeX Font Info:    Checking defaults for PD1/pdf/m/n on input line 58.
LaTeX Font Info:    ... okay on input line 58.
LaTeX Font Info:    Try loading font information for T1+txr on input line 58.

("C:\Program Files\MiKTeX 2.9\tex\latex\txfonts\t1txr.fd"
File: t1txr.fd 2000/12/15 v3.1
)
LaTeX Info: Redefining \microtypecontext on input line 58.
Package microtype Info: Generating PDF output.
Package microtype Info: Character protrusion enabled (level 2).
Package microtype Info: Using default protrusion set `alltext'.
Package microtype Info: Automatic font expansion enabled (level 2),
(microtype)             stretch: 20, shrink: 20, step: 1, non-selected.
Package microtype Info: Using default expansion set `basictext'.
Package microtype Info: No adjustment of tracking.
Package microtype Info: No adjustment of interword spacing.
Package microtype Info: No adjustment of character kerning.

("C:\Program Files\MiKTeX 2.9\tex\latex\microtype\mt-ptm.cfg"
File: mt-ptm.cfg 2006/04/20 v1.7 microtype config. file: Times (RS)
)
("C:\Program Files\MiKTeX 2.9\tex\context\base\supp-pdf.mkii"
[Loading MPS to PDF converter (version 2006.09.02).]
\scratchcounter=\count130
\scratchdimen=\dimen127
\scratchbox=\box34
\nofMPsegments=\count131
\nofMParguments=\count132
\everyMPshowfont=\toks25
\MPscratchCnt=\count133
\MPscratchDim=\dimen128
\MPnumerator=\count134
\makeMPintoPDFobject=\count135
\everyMPtoPDFconversion=\toks26
) ("C:\Program Files\MiKTeX 2.9\tex\latex\oberdiek\epstopdf-base.sty"
Package: epstopdf-base 2016/05/15 v2.6 Base part for package epstopdf

("C:\Program Files\MiKTeX 2.9\tex\latex\oberdiek\grfext.sty"
Package: grfext 2016/05/16 v1.2 Manage graphics extensions (HO)
)
Package epstopdf-base Info: Redefining graphics rule for `.eps' on input line 4
38.
Package grfext Info: Graphics extension search list:
(grfext)             [.pdf,.png,.jpg,.mps,.jpeg,.jbig2,.jb2,.PDF,.PNG,.JPG,.JPE
G,.JBIG2,.JB2,.eps]
(grfext)             \AppendGraphicsExtensions on input line 456.
)
\AtBeginShipoutBox=\box35
Package hyperref Info: Link coloring ON on input line 58.

("C:\Program Files\MiKTeX 2.9\tex\latex\hyperref\nameref.sty"
Package: nameref 2016/05/21 v2.44 Cross-referencing by name of section

("C:\Program Files\MiKTeX 2.9\tex\generic\oberdiek\gettitlestring.sty"
Package: gettitlestring 2016/05/16 v1.5 Cleanup title references (HO)
)
\c@section@level=\count136
)
LaTeX Info: Redefining \ref on input line 58.
LaTeX Info: Redefining \pageref on input line 58.
LaTeX Info: Redefining \nameref on input line 58.

(interimReport-G91.out) (interimReport-G91.out)
\@outlinefile=\write3
\openout3 = `interimReport-G91.out'.


Underfull \vbox (badness 10000) has occurred while \output is active []

 [1{C:/Users/Yucheng Xie/AppData/Local/MiKTeX/2.9/pdftex/config/pdftex.map}



]
LaTeX Font Info:    Try loading font information for OT1+txr on input line 98.

("C:\Program Files\MiKTeX 2.9\tex\latex\txfonts\ot1txr.fd"
File: ot1txr.fd 2000/12/15 v3.1
)
LaTeX Font Info:    Try loading font information for U+txsya on input line 98.

("C:\Program Files\MiKTeX 2.9\tex\latex\txfonts\utxsya.fd"
File: utxsya.fd 2000/12/15 v3.1
)
LaTeX Font Info:    Try loading font information for U+txsyb on input line 98.

("C:\Program Files\MiKTeX 2.9\tex\latex\txfonts\utxsyb.fd"
File: utxsyb.fd 2000/12/15 v3.1
)
LaTeX Font Info:    Try loading font information for U+txmia on input line 98.

("C:\Program Files\MiKTeX 2.9\tex\latex\txfonts\utxmia.fd"
File: utxmia.fd 2000/12/15 v3.1
)
LaTeX Font Info:    Try loading font information for U+txsyc on input line 98.

("C:\Program Files\MiKTeX 2.9\tex\latex\txfonts\utxsyc.fd"
File: utxsyc.fd 2000/12/15 v3.1
)

LaTeX Warning: `!h' float specifier changed to `!ht'.


Underfull \vbox (badness 10000) has occurred while \output is active []


Underfull \vbox (badness 10000) has occurred while \output is active []

 [2]
LaTeX Font Info:    Try loading font information for OT1+txss on input line 152
.

("C:\Program Files\MiKTeX 2.9\tex\latex\txfonts\ot1txss.fd"
File: ot1txss.fd 2000/12/15 v3.1
)
LaTeX Font Info:    Font shape `OT1/txss/m/n' will be
(Font)              scaled to size 9.49997pt on input line 152.
Package microtype Info: Loading generic protrusion settings for font family
(microtype)             `txss' (encoding: OT1).
(microtype)             For optimal results, create family-specific settings.
(microtype)             See the microtype manual for details.
LaTeX Font Info:    Font shape `OT1/txss/m/n' will be
(Font)              scaled to size 6.64998pt on input line 152.
LaTeX Font Info:    Font shape `OT1/txss/m/n' will be
(Font)              scaled to size 4.74998pt on input line 152.
 [3]
<Figs/St_ERR_plots_L2_N200.pdf, id=96, pagebox=cropbox, 462.52798pt x 346.89601
pt>
File: Figs/St_ERR_plots_L2_N200.pdf Graphic file (type pdf)
<use Figs/St_ERR_plots_L2_N200.pdf>
Package pdftex.def Info: Figs/St_ERR_plots_L2_N200.pdf  used on input line 188.
 on input line 188.
Package pdftex.def Info: Requested size: 120.44499pt x 90.3375pt on input line 
188.
<Figs/St_ACC_plots_L2_N200.pdf, id=97, pagebox=cropbox, 462.52798pt x 346.89601
pt>
File: Figs/St_ACC_plots_L2_N200.pdf Graphic file (type pdf)
<use Figs/St_ACC_plots_L2_N200.pdf>
Package pdftex.def Info: Figs/St_ACC_plots_L2_N200.pdf  used on input line 191.
 on input line 191.
Package pdftex.def Info: Requested size: 120.44499pt x 90.3375pt on input line 
191.

Overfull \hbox (8.28871pt too wide) in paragraph at lines 188--193
 [][][][] 
 []


LaTeX Warning: `h' float specifier changed to `ht'.


Underfull \vbox (badness 2020) has occurred while \output is active []

<Figs/AL_Train_error_plots_L2_N3.pdf, id=98, pagebox=cropbox, 462.52798pt x 346
.89601pt>
File: Figs/AL_Train_error_plots_L2_N3.pdf Graphic file (type pdf)
<use Figs/AL_Train_error_plots_L2_N3.pdf>
Package pdftex.def Info: Figs/AL_Train_error_plots_L2_N3.pdf  used on input lin
e 206. on input line 206.
Package pdftex.def Info: Requested size: 120.44499pt x 90.3375pt on input line 
206.
<Figs/AL_Train_accuracy_plots_L2_N3.pdf, id=99, pagebox=cropbox, 462.52798pt x 
346.89601pt>
File: Figs/AL_Train_accuracy_plots_L2_N3.pdf Graphic file (type pdf)
<use Figs/AL_Train_accuracy_plots_L2_N3.pdf>
Package pdftex.def Info: Figs/AL_Train_accuracy_plots_L2_N3.pdf  used on input 
line 209. on input line 209.
Package pdftex.def Info: Requested size: 120.44499pt x 90.3375pt on input line 
209.
<Figs/AL_Valid_error_plots_L2_N3.pdf, id=100, pagebox=cropbox, 462.52798pt x 34
6.89601pt>
File: Figs/AL_Valid_error_plots_L2_N3.pdf Graphic file (type pdf)
<use Figs/AL_Valid_error_plots_L2_N3.pdf>
Package pdftex.def Info: Figs/AL_Valid_error_plots_L2_N3.pdf  used on input lin
e 213. on input line 213.
Package pdftex.def Info: Requested size: 120.44499pt x 90.3375pt on input line 
213.
<Figs/AL_Valid_accuracy_plots_L2_N3.pdf, id=101, pagebox=cropbox, 462.52798pt x
 346.89601pt>
File: Figs/AL_Valid_accuracy_plots_L2_N3.pdf Graphic file (type pdf)
<use Figs/AL_Valid_accuracy_plots_L2_N3.pdf>
Package pdftex.def Info: Figs/AL_Valid_accuracy_plots_L2_N3.pdf  used on input 
line 216. on input line 216.
Package pdftex.def Info: Requested size: 120.44499pt x 90.3375pt on input line 
216.

Overfull \hbox (8.28871pt too wide) in paragraph at lines 206--218
 [][][][] 
 []


Overfull \hbox (8.28871pt too wide) in paragraph at lines 206--218
 [][][][] 
 []

[4 <./Figs/St_ERR_plots_L2_N200.pdf> <./Figs/St_ACC_plots_L2_N200.pdf

pdfTeX warning: pdflatex (file ./Figs/St_ACC_plots_L2_N200.pdf): PDF inclusion:
 multiple pdfs with page group included in a single page
> <./Figs/AL_Train_error_plots_L2_N3.pdf

pdfTeX warning: pdflatex (file ./Figs/AL_Train_error_plots_L2_N3.pdf): PDF incl
usion: multiple pdfs with page group included in a single page
> <./Figs/AL_Train_accuracy_plots_L2_N3.pdf

pdfTeX warning: pdflatex (file ./Figs/AL_Train_accuracy_plots_L2_N3.pdf): PDF i
nclusion: multiple pdfs with page group included in a single page
> <./Figs/AL_Valid_error_plots_L2_N3.pdf

pdfTeX warning: pdflatex (file ./Figs/AL_Valid_error_plots_L2_N3.pdf): PDF incl
usion: multiple pdfs with page group included in a single page
> <./Figs/AL_Valid_accuracy_plots_L2_N3.pdf

pdfTeX warning: pdflatex (file ./Figs/AL_Valid_accuracy_plots_L2_N3.pdf): PDF i
nclusion: multiple pdfs with page group included in a single page
>]
<Figs/Re_Train_error_plots_L2_N3.pdf, id=349, pagebox=cropbox, 462.52798pt x 34
6.89601pt>
File: Figs/Re_Train_error_plots_L2_N3.pdf Graphic file (type pdf)
<use Figs/Re_Train_error_plots_L2_N3.pdf>
Package pdftex.def Info: Figs/Re_Train_error_plots_L2_N3.pdf  used on input lin
e 235. on input line 235.
Package pdftex.def Info: Requested size: 120.44499pt x 90.3375pt on input line 
235.
<Figs/Re_Train_accuracy_plots_L2_N3.pdf, id=350, pagebox=cropbox, 462.52798pt x
 346.89601pt>
File: Figs/Re_Train_accuracy_plots_L2_N3.pdf Graphic file (type pdf)
<use Figs/Re_Train_accuracy_plots_L2_N3.pdf>
Package pdftex.def Info: Figs/Re_Train_accuracy_plots_L2_N3.pdf  used on input 
line 238. on input line 238.
Package pdftex.def Info: Requested size: 120.44499pt x 90.3375pt on input line 
238.
<Figs/Re_Valid_error_plots_L2_N3.pdf, id=351, pagebox=cropbox, 462.52798pt x 34
6.89601pt>
File: Figs/Re_Valid_error_plots_L2_N3.pdf Graphic file (type pdf)
<use Figs/Re_Valid_error_plots_L2_N3.pdf>
Package pdftex.def Info: Figs/Re_Valid_error_plots_L2_N3.pdf  used on input lin
e 242. on input line 242.
Package pdftex.def Info: Requested size: 120.44499pt x 90.3375pt on input line 
242.
<Figs/Re_Valid_accuracy_plots_L2_N3.pdf, id=352, pagebox=cropbox, 462.52798pt x
 346.89601pt>
File: Figs/Re_Valid_accuracy_plots_L2_N3.pdf Graphic file (type pdf)
<use Figs/Re_Valid_accuracy_plots_L2_N3.pdf>
Package pdftex.def Info: Figs/Re_Valid_accuracy_plots_L2_N3.pdf  used on input 
line 245. on input line 245.
Package pdftex.def Info: Requested size: 120.44499pt x 90.3375pt on input line 
245.

Overfull \hbox (8.28871pt too wide) in paragraph at lines 235--247
 [][][][] 
 []


Overfull \hbox (8.28871pt too wide) in paragraph at lines 235--247
 [][][][] 
 []

<Figs/Ab_Train_error_plots_L2_N3.pdf, id=354, pagebox=cropbox, 462.52798pt x 34
6.89601pt>
File: Figs/Ab_Train_error_plots_L2_N3.pdf Graphic file (type pdf)
<use Figs/Ab_Train_error_plots_L2_N3.pdf>
Package pdftex.def Info: Figs/Ab_Train_error_plots_L2_N3.pdf  used on input lin
e 266. on input line 266.
Package pdftex.def Info: Requested size: 120.44499pt x 90.3375pt on input line 
266.
<Figs/Ab_Train_accuracy_plots_L2_N3.pdf, id=355, pagebox=cropbox, 462.52798pt x
 346.89601pt>
File: Figs/Ab_Train_accuracy_plots_L2_N3.pdf Graphic file (type pdf)
<use Figs/Ab_Train_accuracy_plots_L2_N3.pdf>
Package pdftex.def Info: Figs/Ab_Train_accuracy_plots_L2_N3.pdf  used on input 
line 269. on input line 269.
Package pdftex.def Info: Requested size: 120.44499pt x 90.3375pt on input line 
269.
<Figs/Ab_Valid_error_plots_L2_N3.pdf, id=356, pagebox=cropbox, 462.52798pt x 34
6.89601pt>
File: Figs/Ab_Valid_error_plots_L2_N3.pdf Graphic file (type pdf)
<use Figs/Ab_Valid_error_plots_L2_N3.pdf>
Package pdftex.def Info: Figs/Ab_Valid_error_plots_L2_N3.pdf  used on input lin
e 273. on input line 273.
Package pdftex.def Info: Requested size: 120.44499pt x 90.3375pt on input line 
273.
<Figs/Ab_Valid_accuracy_plots_L2_N3.pdf, id=357, pagebox=cropbox, 462.52798pt x
 346.89601pt>
File: Figs/Ab_Valid_accuracy_plots_L2_N3.pdf Graphic file (type pdf)
<use Figs/Ab_Valid_accuracy_plots_L2_N3.pdf>
Package pdftex.def Info: Figs/Ab_Valid_accuracy_plots_L2_N3.pdf  used on input 
line 276. on input line 276.
Package pdftex.def Info: Requested size: 120.44499pt x 90.3375pt on input line 
276.

Overfull \hbox (8.28871pt too wide) in paragraph at lines 266--278
 [][][][] 
 []


Overfull \hbox (8.28871pt too wide) in paragraph at lines 266--278
 [][][][] 
 []

[5 <./Figs/Re_Train_error_plots_L2_N3.pdf> <./Figs/Re_Train_accuracy_plots_L2_N
3.pdf

pdfTeX warning: pdflatex (file ./Figs/Re_Train_accuracy_plots_L2_N3.pdf): PDF i
nclusion: multiple pdfs with page group included in a single page
> <./Figs/Re_Valid_error_plots_L2_N3.pdf

pdfTeX warning: pdflatex (file ./Figs/Re_Valid_error_plots_L2_N3.pdf): PDF incl
usion: multiple pdfs with page group included in a single page
> <./Figs/Re_Valid_accuracy_plots_L2_N3.pdf

pdfTeX warning: pdflatex (file ./Figs/Re_Valid_accuracy_plots_L2_N3.pdf): PDF i
nclusion: multiple pdfs with page group included in a single page
> <./Figs/Ab_Train_error_plots_L2_N3.pdf

pdfTeX warning: pdflatex (file ./Figs/Ab_Train_error_plots_L2_N3.pdf): PDF incl
usion: multiple pdfs with page group included in a single page
> <./Figs/Ab_Train_accuracy_plots_L2_N3.pdf

pdfTeX warning: pdflatex (file ./Figs/Ab_Train_accuracy_plots_L2_N3.pdf): PDF i
nclusion: multiple pdfs with page group included in a single page
> <./Figs/Ab_Valid_error_plots_L2_N3.pdf

pdfTeX warning: pdflatex (file ./Figs/Ab_Valid_error_plots_L2_N3.pdf): PDF incl
usion: multiple pdfs with page group included in a single page
> <./Figs/Ab_Valid_accuracy_plots_L2_N3.pdf

pdfTeX warning: pdflatex (file ./Figs/Ab_Valid_accuracy_plots_L2_N3.pdf): PDF i
nclusion: multiple pdfs with page group included in a single page
>]
Underfull \vbox (badness 10000) has occurred while \output is active []


(interimReport-G91.bbl [6])
Package atveryend Info: Empty hook `BeforeClearDocument' on input line 303.
 [7

]
Package atveryend Info: Empty hook `AfterLastShipout' on input line 303.
 (interimReport-G91.aux)
Package atveryend Info: Executing hook `AtVeryEndDocument' on input line 303.
Package atveryend Info: Executing hook `AtEndAfterFileList' on input line 303.
Package rerunfilecheck Info: File `interimReport-G91.out' has not changed.
(rerunfilecheck)             Checksum: D41D8CD98F00B204E9800998ECF8427E;0.


LaTeX Warning: There were multiply-defined labels.

Package atveryend Info: Empty hook `AtVeryVeryEnd' on input line 303.
 ) 
Here is how much of TeX's memory you used:
 9738 strings out of 493312
 142718 string characters out of 3138879
 259285 words of memory out of 3000000
 12765 multiletter control sequences out of 15000+200000
 75777 words of font info for 277 fonts, out of 3000000 for 9000
 1141 hyphenation exceptions out of 8191
 31i,12n,45p,1217b,454s stack positions out of 5000i,500n,10000p,200000b,50000s
{C:/Program Files/MiKTeX 2.9/fonts/enc/dvips/base/8r.enc}<C:/Program Files/Mi
KTeX 2.9/fonts/type1/public/txfonts/rtxmi.pfb><C:/Program Files/MiKTeX 2.9/font
s/type1/public/txfonts/rtxr.pfb><C:/Program Files/MiKTeX 2.9/fonts/type1/public
/txfonts/txex.pfb><C:/Program Files/MiKTeX 2.9/fonts/type1/public/txfonts/txsy.
pfb><C:/Program Files/MiKTeX 2.9/fonts/type1/urw/helvetic/uhvr8a.pfb><C:/Progra
m Files/MiKTeX 2.9/fonts/type1/urw/times/utmb8a.pfb><C:/Program Files/MiKTeX 2.
9/fonts/type1/urw/times/utmbi8a.pfb><C:/Program Files/MiKTeX 2.9/fonts/type1/ur
w/times/utmr8a.pfb><C:/Program Files/MiKTeX 2.9/fonts/type1/urw/times/utmr8a.pf
b><C:/Program Files/MiKTeX 2.9/fonts/type1/urw/times/utmri8a.pfb>
Output written on interimReport-G91.pdf (7 pages, 415785 bytes).
PDF statistics:
 746 PDF objects out of 1000 (max. 8388607)
 63 named destinations out of 1000 (max. 500000)
 46151 words of extra memory for PDF output out of 51595 (max. 10000000)

